<?xml version="1.0" encoding="UTF-8"?>
<!-- Generated by org.testng.reporters.JUnitXMLReporter -->
<testsuite ignored="0" hostname="FizzahMazhar-PC" failures="1" tests="3" name="Test" time="56.58" errors="0" timestamp="2023-11-01T13:10:28 PKT">
  <testcase classname="playwright_packages.AutoLogin" name="main" time="36.417"/>
  <testcase classname="playwright_packages.PickList" name="main123" time="9.948">
    <failure type="com.microsoft.playwright.PlaywrightException" message="Error {
  message=&amp;apos;net::ERR_NAME_NOT_RESOLVED at https://www.globalsqa.com/demo-site/select-dropdown-menu/
=========================== logs ===========================
navigating to &amp;quot;https://www.globalsqa.com/demo-site/select-dropdown-menu/&amp;quot;, waiting until &amp;quot;load&amp;quot;
============================================================
  name=&amp;apos;Error
  stack=&amp;apos;Error: net::ERR_NAME_NOT_RESOLVED at https://www.globalsqa.com/demo-site/select-dropdown-menu/
=========================== logs ===========================
navigating to &amp;quot;https://www.globalsqa.com/demo-site/select-dropdown-menu/&amp;quot;, waiting until &amp;quot;load&amp;quot;
============================================================
    at FrameSession._navigate (C:\Users\FIZZAH~1\AppData\Local\Temp\playwright-java-11546372351989256650\package\lib\server\chromium\crPage.js:508:35)
    at async Frame._gotoAction (C:\Users\FIZZAH~1\AppData\Local\Temp\playwright-java-11546372351989256650\package\lib\server\frames.js:533:28)
}">
      <![CDATA[com.microsoft.playwright.PlaywrightException: Error {
  message='net::ERR_NAME_NOT_RESOLVED at https://www.globalsqa.com/demo-site/select-dropdown-menu/
=========================== logs ===========================
navigating to "https://www.globalsqa.com/demo-site/select-dropdown-menu/", waiting until "load"
============================================================
  name='Error
  stack='Error: net::ERR_NAME_NOT_RESOLVED at https://www.globalsqa.com/demo-site/select-dropdown-menu/
=========================== logs ===========================
navigating to "https://www.globalsqa.com/demo-site/select-dropdown-menu/", waiting until "load"
============================================================
    at FrameSession._navigate (C:\Users\FIZZAH~1\AppData\Local\Temp\playwright-java-11546372351989256650\package\lib\server\chromium\crPage.js:508:35)
    at async Frame._gotoAction (C:\Users\FIZZAH~1\AppData\Local\Temp\playwright-java-11546372351989256650\package\lib\server\frames.js:533:28)
}
at com.microsoft.playwright.impl.WaitableResult.get(WaitableResult.java:54)
at com.microsoft.playwright.impl.ChannelOwner.runUntil(ChannelOwner.java:111)
at com.microsoft.playwright.impl.Connection.sendMessage(Connection.java:126)
at com.microsoft.playwright.impl.ChannelOwner.sendMessage(ChannelOwner.java:102)
at com.microsoft.playwright.impl.FrameImpl.navigateImpl(FrameImpl.java:463)
at com.microsoft.playwright.impl.PageImpl.lambda$navigate$45(PageImpl.java:827)
at com.microsoft.playwright.impl.LoggingSupport.withLogging(LoggingSupport.java:47)
at com.microsoft.playwright.impl.ChannelOwner.withLogging(ChannelOwner.java:87)
at com.microsoft.playwright.impl.PageImpl.navigate(PageImpl.java:827)
at com.microsoft.playwright.impl.PageImpl.navigate(PageImpl.java:42)
at com.microsoft.playwright.Page.navigate(Page.java:5282)
at playwright_packages.PickList.main123(PickList.java:27)
at java.base/java.util.ArrayList.forEach(ArrayList.java:1511)
Caused by: com.microsoft.playwright.impl.DriverException: Error {
  message='net::ERR_NAME_NOT_RESOLVED at https://www.globalsqa.com/demo-site/select-dropdown-menu/
=========================== logs ===========================
navigating to "https://www.globalsqa.com/demo-site/select-dropdown-menu/", waiting until "load"
============================================================
  name='Error
  stack='Error: net::ERR_NAME_NOT_RESOLVED at https://www.globalsqa.com/demo-site/select-dropdown-menu/
=========================== logs ===========================
navigating to "https://www.globalsqa.com/demo-site/select-dropdown-menu/", waiting until "load"
============================================================
    at FrameSession._navigate (C:\Users\FIZZAH~1\AppData\Local\Temp\playwright-java-11546372351989256650\package\lib\server\chromium\crPage.js:508:35)
    at async Frame._gotoAction (C:\Users\FIZZAH~1\AppData\Local\Temp\playwright-java-11546372351989256650\package\lib\server\frames.js:533:28)
}
at com.microsoft.playwright.impl.Connection.dispatch(Connection.java:226)
at com.microsoft.playwright.impl.Connection.processOneMessage(Connection.java:206)
at com.microsoft.playwright.impl.ChannelOwner.runUntil(ChannelOwner.java:109)
... 36 more
... Removed 25 stack frames]]>
    </failure>
  </testcase> <!-- main123 -->
  <testcase classname="playwright_packages.UplaodFile" name="ab" time="9.899"/>
</testsuite> <!-- Test -->
